2018-03-20 11:02:39,258 INFO  [addItemToCart] Typing adidas in search bar... 
2018-03-20 11:02:42,360 INFO  [addItemToCart] clicking on search button... 
2018-03-20 11:02:45,257 INFO  [addItemToCart] clicking on item.. 
2018-03-20 11:02:45,652 INFO  [addItemToCart] choose size 7 
2018-03-20 11:02:45,762 INFO  [addItemToCart] added item to bag 
2018-03-20 11:17:24,736 INFO  [addItemToCart] Typing adidas in search bar... 
2018-03-20 11:17:27,730 INFO  [addItemToCart] clicking on search button... 
2018-03-20 11:17:30,318 INFO  [addItemToCart] clicking on item.. 
2018-03-20 11:17:30,643 INFO  [addItemToCart] choose size 7 
2018-03-20 11:17:30,777 INFO  [addItemToCart] added item to bag 
2018-03-25 19:23:12,558 INFO  [addItemToCart] Typing adidas in search bar... 
2018-03-25 19:42:47,803 INFO  [addItemToCart] Typing adidas in search bar... 
2018-03-25 19:42:51,667 INFO  [addItemToCart] clicking on search button... 
2018-03-25 19:44:11,615 INFO  [addItemToCart] Typing adidas in search bar... 
2018-03-25 19:44:15,778 INFO  [addItemToCart] clicking on search button... 
2018-03-25 19:45:22,662 INFO  [addItemToCart] Typing adidas in search bar... 
2018-03-25 19:45:27,917 INFO  [addItemToCart] clicking on search button... 
2018-03-25 19:46:27,737 INFO  [addItemToCart] Typing adidas in search bar... 
2018-03-25 19:46:31,446 INFO  [addItemToCart] clicking on search button... 
2018-03-25 19:52:11,631 INFO  [chooseCountryTest] TESTTTTTTTTTT!!! 
2018-03-25 20:09:49,270 INFO  [chooseCountryTest] TESTTTTTTTTTT!!! 
2018-03-25 20:10:46,056 INFO  [addItemToCart] Typing adidas in search bar... 
2018-03-25 20:10:49,440 INFO  [addItemToCart] clicking on search button... 
2018-03-25 20:11:08,131 INFO  [addItemToCart] Typing adidas in search bar... 
2018-03-25 20:11:11,884 INFO  [addItemToCart] clicking on search button... 
